
===== fra-463.jpg =====

Overall Score: 77/100

===== Assessment Report =====

General
• Faces detected: 1.
• Eyes open: 1 / 1.
• Sharpness: Poor.
• Contrast: Good.
• Lighting: Balanced.
• Colours: natural.
• White Balance: cool tone.

Problems
✓ No significant issues detected.

===== Suggestions =====

Suggestions
No recommendations.
========== END OF SIMPLIFIED REPORT ==========

===== fra-464.jpg =====

Overall Score: 85/100

===== Assessment Report =====

General
• Faces detected: 1.
• Eyes open: 1 / 1.
• Sharpness: Good.
• Contrast: Good.
• Lighting: Balanced.
• Colours: natural.
• White Balance: cool tone.

Problems
✓ No significant issues detected.

===== Suggestions =====

Suggestions
No recommendations.
========== END OF SIMPLIFIED REPORT ==========
No faces available for eye analysis

===== fra-499.jpg =====

Overall Score: 88/100

===== Assessment Report =====

General
• Faces detected: 0.
• Eyes open: 0 / 0.
• Sharpness: Excellent.
• Contrast: Fair.
• Lighting: Balanced.
• Colours: natural.
• White Balance: natural.

Problems
✓ No significant issues detected.

===== Suggestions =====

Suggestions
No recommendations.
========== END OF SIMPLIFIED REPORT ==========

===== fra-718.jpg =====

Overall Score: 80/100

===== Assessment Report =====

General
• Faces detected: 8.
• Eyes open: 8 / 8.
• Sharpness: Poor.
• Contrast: Excellent.
• Lighting: Balanced.
• Colours: natural.
• White Balance: natural.

Problems
✓ No significant issues detected.

===== Suggestions =====

Suggestions
No recommendations.
========== END OF SIMPLIFIED REPORT ==========

===== fra-735.jpg =====

Overall Score: 88/100

===== Assessment Report =====

General
• Faces detected: 5.
• Eyes open: 5 / 5.
• Sharpness: Good.
• Contrast: Excellent.
• Lighting: Balanced.
• Colours: natural.
• White Balance: natural.

Problems
✓ No significant issues detected.

===== Suggestions =====

Suggestions
No recommendations.
========== END OF SIMPLIFIED REPORT ==========

===== group.jpg =====

Overall Score: 80/100

===== Assessment Report =====

General
• Faces detected: 9.
• Eyes open: 8 / 9.
• Sharpness: Excellent.
• Contrast: Good.
• Lighting: Balanced.
• Colours: natural.
• White Balance: warm tone.

Problems
⚠ High image noise detected.
⚠ 1 subject(s) have closed eyes.

Suggestions
• Use a lower ISO or increase available light.
• Capture another frame with all subjects' eyes open
========== END OF SIMPLIFIED REPORT ==========

===== group2.jpg =====

Overall Score: 75/100

===== Assessment Report =====

General
• Faces detected: 13.
• Eyes open: 10 / 13.
• Sharpness: Excellent.
• Contrast: Fair.
• Lighting: Balanced.
• Colours: vivid.
• White Balance: warm tone.

Problems
⚠ High image noise detected.
⚠ 3 subject(s) have closed eyes.

Suggestions
• Use a lower ISO or increase available light.
• Capture another frame with all subjects' eyes open
========== END OF SIMPLIFIED REPORT ==========
